<?xml version="1.0" encoding="UTF-8"?>
<!-- Generated by org.testng.reporters.JUnitXMLReporter -->
<testsuite ignored="1" hostname="INDHYDELP210" failures="0" tests="1" name="UrbanLadder_smokeTests_Firefox" time="10.98" errors="0" timestamp="29 Mar 2022 03:44:36 GMT">
  <testcase classname="base.Base" name="@AfterTest closeBrowser" time="0.007">
    <failure type="org.openqa.selenium.remote.http.ConnectionFailedException" message="Unable to establish websocket connection to http://localhost:64445/devtools/browser/608fa358-ebee-41d0-b036-990ceabe2ecb
Build info: version: &amp;apos;4.0.0&amp;apos;, revision: &amp;apos;3a21814679&amp;apos;
System info: host: &amp;apos;INDHYDELP210&amp;apos;, ip: &amp;apos;10.14.20.60&amp;apos;, os.name: &amp;apos;Windows 10&amp;apos;, os.arch: &amp;apos;amd64&amp;apos;, os.version: &amp;apos;10.0&amp;apos;, java.version: &amp;apos;17.0.1&amp;apos;
Driver info: driver.version: RemoteWebDriver">
      <![CDATA[org.openqa.selenium.remote.http.ConnectionFailedException: Unable to establish websocket connection to http://localhost:64445/devtools/browser/608fa358-ebee-41d0-b036-990ceabe2ecb
Build info: version: '4.0.0', revision: '3a21814679'
System info: host: 'INDHYDELP210', ip: '10.14.20.60', os.name: 'Windows 10', os.arch: 'amd64', os.version: '10.0', java.version: '17.0.1'
Driver info: driver.version: RemoteWebDriver
at org.openqa.selenium.remote.http.netty.NettyWebSocket.<init>(NettyWebSocket.java:104)
at org.openqa.selenium.remote.http.netty.NettyWebSocket.lambda$create$3(NettyWebSocket.java:137)
at org.openqa.selenium.remote.http.netty.NettyClient.openSocket(NettyClient.java:127)
at org.openqa.selenium.devtools.Connection.<init>(Connection.java:77)
at org.openqa.selenium.firefox.FirefoxDriver.maybeGetDevTools(FirefoxDriver.java:359)
at org.openqa.selenium.remote.RemoteWebDriver.close(RemoteWebDriver.java:441)
at base.Base.closeBrowser(Base.java:87)
... Removed 24 stack frames]]>
    </failure>
  </testcase> <!-- @AfterTest closeBrowser -->
  <testcase classname="testsuite.Urban_Testing" name="smokeTesting" time="5.365"/>
  <testcase classname="testsuite.Urban_Testing" name="regressionTesting" time="0.0">
    <ignored/>
  </testcase> <!-- regressionTesting -->
</testsuite> <!-- UrbanLadder_smokeTests_Firefox -->
