<?xml version="1.0" encoding="UTF-8"?>
<!-- Generated by org.testng.reporters.JUnitXMLReporter -->
<testsuite ignored="1" hostname="INDHYDELP210" failures="1" tests="1" name="UrbanLadder_regressionTests_Firefox" time="10.25" errors="0" timestamp="29 Mar 2022 03:44:47 GMT">
  <testcase classname="testsuite.Urban_Testing" name="regressionTesting" time="4.337">
    <failure type="org.openqa.selenium.interactions.MoveTargetOutOfBoundsException" message="(588, 3245) is out of bounds of viewport width (1280) and height (595)
Build info: version: &amp;apos;4.0.0&amp;apos;, revision: &amp;apos;3a21814679&amp;apos;
System info: host: &amp;apos;INDHYDELP210&amp;apos;, ip: &amp;apos;10.14.20.60&amp;apos;, os.name: &amp;apos;Windows 10&amp;apos;, os.arch: &amp;apos;amd64&amp;apos;, os.version: &amp;apos;10.0&amp;apos;, java.version: &amp;apos;17.0.1&amp;apos;
Driver info: org.openqa.selenium.firefox.FirefoxDriver
Command: [865c0ce2-37b0-4a57-9f7a-a8663f257c2f, actions {actions=[org.openqa.selenium.interactions.Sequence@9e02f84]}]
Capabilities {acceptInsecureCerts: true, browserName: firefox, browserVersion: 98.0.2, javascriptEnabled: true, moz:accessibilityChecks: false, moz:buildID: 20220322144853, moz:debuggerAddress: localhost:54416, moz:geckodriverVersion: 0.30.0, moz:headless: false, moz:processID: 24076, moz:profile: C:\Users\averma\AppData\Loc..., moz:shutdownTimeout: 60000, moz:useNonSpecCompliantPointerOrigin: false, moz:webdriverClick: true, pageLoadStrategy: normal, platform: WINDOWS, platformName: WINDOWS, platformVersion: 10.0, proxy: Proxy(), se:cdp: ws://localhost:54416/devtoo..., se:cdpVersion: 85, setWindowRect: true, strictFileInteractability: false, timeouts: {implicit: 0, pageLoad: 300000, script: 30000}, unhandledPromptBehavior: dismiss and notify}
Session ID: 865c0ce2-37b0-4a57-9f7a-a8663f257c2f">
      <![CDATA[org.openqa.selenium.interactions.MoveTargetOutOfBoundsException: (588, 3245) is out of bounds of viewport width (1280) and height (595)
Build info: version: '4.0.0', revision: '3a21814679'
System info: host: 'INDHYDELP210', ip: '10.14.20.60', os.name: 'Windows 10', os.arch: 'amd64', os.version: '10.0', java.version: '17.0.1'
Driver info: org.openqa.selenium.firefox.FirefoxDriver
Command: [865c0ce2-37b0-4a57-9f7a-a8663f257c2f, actions {actions=[org.openqa.selenium.interactions.Sequence@9e02f84]}]
Capabilities {acceptInsecureCerts: true, browserName: firefox, browserVersion: 98.0.2, javascriptEnabled: true, moz:accessibilityChecks: false, moz:buildID: 20220322144853, moz:debuggerAddress: localhost:54416, moz:geckodriverVersion: 0.30.0, moz:headless: false, moz:processID: 24076, moz:profile: C:\Users\averma\AppData\Loc..., moz:shutdownTimeout: 60000, moz:useNonSpecCompliantPointerOrigin: false, moz:webdriverClick: true, pageLoadStrategy: normal, platform: WINDOWS, platformName: WINDOWS, platformVersion: 10.0, proxy: Proxy(), se:cdp: ws://localhost:54416/devtoo..., se:cdpVersion: 85, setWindowRect: true, strictFileInteractability: false, timeouts: {implicit: 0, pageLoad: 300000, script: 30000}, unhandledPromptBehavior: dismiss and notify}
Session ID: 865c0ce2-37b0-4a57-9f7a-a8663f257c2f
at org.openqa.selenium.remote.codec.w3c.W3CHttpResponseCodec.createException(W3CHttpResponseCodec.java:200)
at org.openqa.selenium.remote.codec.w3c.W3CHttpResponseCodec.decode(W3CHttpResponseCodec.java:133)
at org.openqa.selenium.remote.codec.w3c.W3CHttpResponseCodec.decode(W3CHttpResponseCodec.java:53)
at org.openqa.selenium.remote.HttpCommandExecutor.execute(HttpCommandExecutor.java:184)
at org.openqa.selenium.remote.service.DriverCommandExecutor.invokeExecute(DriverCommandExecutor.java:164)
at org.openqa.selenium.remote.service.DriverCommandExecutor.execute(DriverCommandExecutor.java:139)
at org.openqa.selenium.remote.RemoteWebDriver.execute(RemoteWebDriver.java:559)
at org.openqa.selenium.remote.RemoteWebDriver.perform(RemoteWebDriver.java:627)
at org.openqa.selenium.interactions.Actions$BuiltAction.perform(Actions.java:617)
at org.openqa.selenium.interactions.Actions.perform(Actions.java:573)
at pages.Home.productSearch(Home.java:78)
at testsuite.Urban_Testing.regressionTesting(Urban_Testing.java:33)
... Removed 30 stack frames]]>
    </failure>
  </testcase> <!-- regressionTesting -->
  <testcase classname="testsuite.Urban_Testing" name="smokeTesting" time="0.0">
    <ignored/>
  </testcase> <!-- smokeTesting -->
</testsuite> <!-- UrbanLadder_regressionTests_Firefox -->
